[2024-04-21 16:17:26,604: INFO: main: welcome to log]
[2024-04-21 16:39:02,096: INFO: main: welcome to log]
[2024-04-21 16:40:03,968: INFO: main: welcome to log]
[2024-04-21 19:43:33,755: INFO: common: yaml file: D:\newfolder\Kidney-Disease-Classification-Deep-Learning-Project\config\config.yaml loaded successfully]
[2024-04-21 19:43:33,757: INFO: common: yaml file: D:\newfolder\Kidney-Disease-Classification-Deep-Learning-Project\params.yaml loaded successfully]
[2024-04-21 19:43:33,760: INFO: common: created directory at: artifacts]
[2024-04-21 19:43:33,762: INFO: common: created directory at: artifacts/data_ingestion]
[2024-04-21 19:43:33,763: INFO: 986331348: Downloading data from https://drive.google.com/file/d/1vlhZ5c7abUKF8xXERIw6m9Te8fW7ohw3/view?usp=sharing into file artifacts/data_ingestion/data.zip]
[2024-04-21 19:45:42,214: INFO: common: yaml file: D:\newfolder\Kidney-Disease-Classification-Deep-Learning-Project\config\config.yaml loaded successfully]
[2024-04-21 19:45:42,216: INFO: common: yaml file: D:\newfolder\Kidney-Disease-Classification-Deep-Learning-Project\params.yaml loaded successfully]
[2024-04-21 19:45:42,217: INFO: common: created directory at: artifacts]
[2024-04-21 19:45:42,218: INFO: common: created directory at: artifacts/data_ingestion]
[2024-04-21 19:45:42,219: INFO: 986331348: Downloading data from https://drive.google.com/file/d/1IbGUVXwE4R0kgrk9eC8blUw1LkEIawcF/view?usp=sharing into file artifacts/data_ingestion/data.zip]
[2024-04-21 19:45:48,685: INFO: 986331348: Downloaded data from https://drive.google.com/file/d/1IbGUVXwE4R0kgrk9eC8blUw1LkEIawcF/view?usp=sharing into file artifacts/data_ingestion/data.zip]
[2024-04-21 19:47:42,752: INFO: common: yaml file: D:\newfolder\Kidney-Disease-Classification-Deep-Learning-Project\config\config.yaml loaded successfully]
[2024-04-21 19:47:42,752: INFO: common: yaml file: D:\newfolder\Kidney-Disease-Classification-Deep-Learning-Project\params.yaml loaded successfully]
[2024-04-21 19:47:42,752: INFO: common: created directory at: artifacts]
[2024-04-21 19:47:42,758: INFO: common: created directory at: artifacts/prepare_base_model]
[2024-04-21 19:47:43,106: WARNING: saving_utils: Compiled the loaded model, but the compiled metrics have yet to be built. `model.compile_metrics` will be empty until you train or evaluate the model.]
[2024-04-21 19:48:12,200: INFO: common: yaml file: D:\newfolder\Kidney-Disease-Classification-Deep-Learning-Project\config\config.yaml loaded successfully]
[2024-04-21 19:48:12,202: INFO: common: yaml file: D:\newfolder\Kidney-Disease-Classification-Deep-Learning-Project\params.yaml loaded successfully]
[2024-04-21 19:48:12,204: INFO: common: created directory at: artifacts]
[2024-04-21 19:48:12,204: INFO: common: created directory at: artifacts\training]
[2024-04-21 19:48:57,410: INFO: common: yaml file: D:\newfolder\Kidney-Disease-Classification-Deep-Learning-Project\config\config.yaml loaded successfully]
[2024-04-21 19:48:57,410: INFO: common: yaml file: D:\newfolder\Kidney-Disease-Classification-Deep-Learning-Project\params.yaml loaded successfully]
[2024-04-21 19:48:57,410: INFO: common: created directory at: artifacts]
[2024-04-21 19:48:57,410: INFO: common: created directory at: artifacts\training]
[2024-04-21 19:49:24,060: INFO: common: yaml file: D:\newfolder\Kidney-Disease-Classification-Deep-Learning-Project\config\config.yaml loaded successfully]
[2024-04-21 19:49:24,062: INFO: common: yaml file: D:\newfolder\Kidney-Disease-Classification-Deep-Learning-Project\params.yaml loaded successfully]
[2024-04-21 19:49:24,065: INFO: common: created directory at: artifacts]
[2024-04-21 19:49:24,067: INFO: common: created directory at: artifacts\training]
[2024-04-21 19:50:31,565: INFO: common: yaml file: D:\newfolder\Kidney-Disease-Classification-Deep-Learning-Project\config\config.yaml loaded successfully]
[2024-04-21 19:50:31,574: INFO: common: yaml file: D:\newfolder\Kidney-Disease-Classification-Deep-Learning-Project\params.yaml loaded successfully]
[2024-04-21 19:50:31,577: INFO: common: created directory at: artifacts]
[2024-04-21 19:50:31,580: INFO: common: created directory at: artifacts\training]
[2024-04-21 19:52:19,894: INFO: common: yaml file: D:\newfolder\Kidney-Disease-Classification-Deep-Learning-Project\config\config.yaml loaded successfully]
[2024-04-21 19:52:19,897: INFO: common: yaml file: D:\newfolder\Kidney-Disease-Classification-Deep-Learning-Project\params.yaml loaded successfully]
[2024-04-21 19:52:19,898: INFO: common: created directory at: artifacts]
[2024-04-21 19:52:19,899: INFO: common: created directory at: artifacts\training]
[2024-04-21 19:52:49,485: INFO: common: yaml file: D:\newfolder\Kidney-Disease-Classification-Deep-Learning-Project\config\config.yaml loaded successfully]
[2024-04-21 19:52:49,487: INFO: common: yaml file: D:\newfolder\Kidney-Disease-Classification-Deep-Learning-Project\params.yaml loaded successfully]
[2024-04-21 19:52:49,489: INFO: common: created directory at: artifacts]
[2024-04-21 19:52:49,490: INFO: common: created directory at: artifacts/prepare_base_model]
[2024-04-21 19:52:49,783: WARNING: saving_utils: Compiled the loaded model, but the compiled metrics have yet to be built. `model.compile_metrics` will be empty until you train or evaluate the model.]
[2024-04-21 19:53:07,805: INFO: common: yaml file: D:\newfolder\Kidney-Disease-Classification-Deep-Learning-Project\config\config.yaml loaded successfully]
[2024-04-21 19:53:07,806: INFO: common: yaml file: D:\newfolder\Kidney-Disease-Classification-Deep-Learning-Project\params.yaml loaded successfully]
[2024-04-21 19:53:07,808: INFO: common: created directory at: artifacts]
[2024-04-21 19:53:07,809: INFO: common: created directory at: artifacts/data_ingestion]
[2024-04-21 19:53:07,810: INFO: 986331348: Downloading data from https://drive.google.com/file/d/1IbGUVXwE4R0kgrk9eC8blUw1LkEIawcF/view?usp=sharing into file artifacts/data_ingestion/data.zip]
[2024-04-21 19:53:13,091: INFO: 986331348: Downloaded data from https://drive.google.com/file/d/1IbGUVXwE4R0kgrk9eC8blUw1LkEIawcF/view?usp=sharing into file artifacts/data_ingestion/data.zip]
[2024-04-21 19:57:10,696: INFO: common: yaml file: D:\newfolder\Kidney-Disease-Classification-Deep-Learning-Project\config\config.yaml loaded successfully]
[2024-04-21 19:57:10,696: INFO: common: yaml file: D:\newfolder\Kidney-Disease-Classification-Deep-Learning-Project\params.yaml loaded successfully]
[2024-04-21 19:57:10,701: INFO: common: created directory at: artifacts]
[2024-04-21 19:57:10,703: INFO: common: created directory at: artifacts\training]
[2024-04-21 19:59:31,343: INFO: common: yaml file: D:\newfolder\Kidney-Disease-Classification-Deep-Learning-Project\config\config.yaml loaded successfully]
[2024-04-21 19:59:31,347: INFO: common: yaml file: D:\newfolder\Kidney-Disease-Classification-Deep-Learning-Project\params.yaml loaded successfully]
[2024-04-21 19:59:31,347: INFO: common: created directory at: artifacts]
[2024-04-21 20:03:14,954: INFO: common: yaml file: D:\newfolder\Kidney-Disease-Classification-Deep-Learning-Project\config\config.yaml loaded successfully]
[2024-04-21 20:03:14,956: INFO: common: yaml file: D:\newfolder\Kidney-Disease-Classification-Deep-Learning-Project\params.yaml loaded successfully]
[2024-04-21 20:03:14,956: INFO: common: created directory at: artifacts]
[2024-04-21 20:03:14,960: INFO: common: created directory at: artifacts\training]
[2024-04-21 20:04:26,704: INFO: common: yaml file: D:\newfolder\Kidney-Disease-Classification-Deep-Learning-Project\config\config.yaml loaded successfully]
[2024-04-21 20:04:26,707: INFO: common: yaml file: D:\newfolder\Kidney-Disease-Classification-Deep-Learning-Project\params.yaml loaded successfully]
[2024-04-21 20:04:26,707: INFO: common: created directory at: artifacts]
[2024-04-21 20:04:26,707: INFO: common: created directory at: artifacts/data_ingestion]
[2024-04-21 20:04:26,711: INFO: 986331348: Downloading data from https://drive.google.com/file/d/1IbGUVXwE4R0kgrk9eC8blUw1LkEIawcF/view?usp=sharing into file artifacts/data_ingestion/data.zip]
[2024-04-21 20:04:36,076: INFO: 986331348: Downloaded data from https://drive.google.com/file/d/1IbGUVXwE4R0kgrk9eC8blUw1LkEIawcF/view?usp=sharing into file artifacts/data_ingestion/data.zip]
[2024-04-21 20:04:43,875: INFO: common: yaml file: D:\newfolder\Kidney-Disease-Classification-Deep-Learning-Project\config\config.yaml loaded successfully]
[2024-04-21 20:04:43,875: INFO: common: yaml file: D:\newfolder\Kidney-Disease-Classification-Deep-Learning-Project\params.yaml loaded successfully]
[2024-04-21 20:04:43,875: INFO: common: created directory at: artifacts]
[2024-04-21 20:04:43,880: INFO: common: created directory at: artifacts/prepare_base_model]
[2024-04-21 20:04:44,216: WARNING: saving_utils: Compiled the loaded model, but the compiled metrics have yet to be built. `model.compile_metrics` will be empty until you train or evaluate the model.]
[2024-04-21 20:04:50,117: INFO: common: yaml file: D:\newfolder\Kidney-Disease-Classification-Deep-Learning-Project\config\config.yaml loaded successfully]
[2024-04-21 20:04:50,121: INFO: common: yaml file: D:\newfolder\Kidney-Disease-Classification-Deep-Learning-Project\params.yaml loaded successfully]
[2024-04-21 20:04:50,121: INFO: common: created directory at: artifacts]
[2024-04-21 20:04:50,121: INFO: common: created directory at: artifacts\training]
[2024-04-21 20:05:08,523: INFO: common: yaml file: D:\newfolder\Kidney-Disease-Classification-Deep-Learning-Project\config\config.yaml loaded successfully]
[2024-04-21 20:05:08,525: INFO: common: yaml file: D:\newfolder\Kidney-Disease-Classification-Deep-Learning-Project\params.yaml loaded successfully]
[2024-04-21 20:05:08,525: INFO: common: created directory at: artifacts]
[2024-04-21 20:05:08,525: INFO: common: created directory at: artifacts\training]
[2024-04-21 20:07:16,680: INFO: common: yaml file: D:\newfolder\Kidney-Disease-Classification-Deep-Learning-Project\config\config.yaml loaded successfully]
[2024-04-21 20:07:16,690: INFO: common: yaml file: D:\newfolder\Kidney-Disease-Classification-Deep-Learning-Project\params.yaml loaded successfully]
[2024-04-21 20:07:16,690: INFO: common: created directory at: artifacts]
[2024-04-21 20:07:16,690: INFO: common: created directory at: artifacts\training]
[2024-04-21 20:07:26,980: INFO: common: yaml file: D:\newfolder\Kidney-Disease-Classification-Deep-Learning-Project\config\config.yaml loaded successfully]
[2024-04-21 20:07:26,982: INFO: common: yaml file: D:\newfolder\Kidney-Disease-Classification-Deep-Learning-Project\params.yaml loaded successfully]
[2024-04-21 20:07:26,984: INFO: common: created directory at: artifacts]
[2024-04-21 20:07:26,985: INFO: common: created directory at: artifacts\training]
[2024-04-21 20:08:21,381: INFO: common: yaml file: D:\newfolder\Kidney-Disease-Classification-Deep-Learning-Project\config\config.yaml loaded successfully]
[2024-04-21 20:08:21,385: INFO: common: yaml file: D:\newfolder\Kidney-Disease-Classification-Deep-Learning-Project\params.yaml loaded successfully]
[2024-04-21 20:08:21,386: INFO: common: created directory at: artifacts]
[2024-04-21 20:08:21,387: INFO: common: created directory at: artifacts\training]
[2024-04-21 20:08:37,126: INFO: common: yaml file: D:\newfolder\Kidney-Disease-Classification-Deep-Learning-Project\config\config.yaml loaded successfully]
[2024-04-21 20:08:37,129: INFO: common: yaml file: D:\newfolder\Kidney-Disease-Classification-Deep-Learning-Project\params.yaml loaded successfully]
[2024-04-21 20:08:37,129: INFO: common: created directory at: artifacts]
[2024-04-21 20:08:37,131: INFO: common: created directory at: artifacts/prepare_base_model]
[2024-04-21 20:08:37,430: WARNING: saving_utils: Compiled the loaded model, but the compiled metrics have yet to be built. `model.compile_metrics` will be empty until you train or evaluate the model.]
[2024-04-21 20:09:30,194: INFO: common: yaml file: D:\newfolder\Kidney-Disease-Classification-Deep-Learning-Project\config\config.yaml loaded successfully]
[2024-04-21 20:09:30,197: INFO: common: yaml file: D:\newfolder\Kidney-Disease-Classification-Deep-Learning-Project\params.yaml loaded successfully]
[2024-04-21 20:09:30,198: INFO: common: created directory at: artifacts]
[2024-04-21 20:09:30,199: INFO: common: created directory at: artifacts\training]
[2024-04-21 20:10:39,513: INFO: common: yaml file: D:\newfolder\Kidney-Disease-Classification-Deep-Learning-Project\config\config.yaml loaded successfully]
[2024-04-21 20:10:39,513: INFO: common: yaml file: D:\newfolder\Kidney-Disease-Classification-Deep-Learning-Project\params.yaml loaded successfully]
[2024-04-21 20:10:39,513: INFO: common: created directory at: artifacts]
[2024-04-21 20:10:39,525: INFO: common: created directory at: artifacts\training]
[2024-04-21 20:11:53,597: INFO: common: yaml file: D:\newfolder\Kidney-Disease-Classification-Deep-Learning-Project\config\config.yaml loaded successfully]
[2024-04-21 20:11:53,599: INFO: common: yaml file: D:\newfolder\Kidney-Disease-Classification-Deep-Learning-Project\params.yaml loaded successfully]
[2024-04-21 20:11:53,600: INFO: common: created directory at: artifacts]
[2024-04-21 20:11:53,601: INFO: common: created directory at: artifacts/prepare_base_model]
[2024-04-21 20:11:53,892: WARNING: saving_utils: Compiled the loaded model, but the compiled metrics have yet to be built. `model.compile_metrics` will be empty until you train or evaluate the model.]
[2024-04-21 20:13:19,351: INFO: common: yaml file: D:\newfolder\Kidney-Disease-Classification-Deep-Learning-Project\config\config.yaml loaded successfully]
[2024-04-21 20:13:19,355: INFO: common: yaml file: D:\newfolder\Kidney-Disease-Classification-Deep-Learning-Project\params.yaml loaded successfully]
[2024-04-21 20:13:19,357: INFO: common: created directory at: artifacts]
[2024-04-21 20:13:19,359: INFO: common: created directory at: artifacts\training]
[2024-04-21 20:13:44,922: INFO: common: yaml file: D:\newfolder\Kidney-Disease-Classification-Deep-Learning-Project\config\config.yaml loaded successfully]
[2024-04-21 20:13:44,923: INFO: common: yaml file: D:\newfolder\Kidney-Disease-Classification-Deep-Learning-Project\params.yaml loaded successfully]
[2024-04-21 20:13:44,927: INFO: common: created directory at: artifacts]
[2024-04-21 20:13:47,658: INFO: common: json file saved at: scores.json]
[2024-04-21 20:13:51,109: WARNING: save: Found untraced functions such as _jit_compiled_convolution_op, _jit_compiled_convolution_op, _jit_compiled_convolution_op, _jit_compiled_convolution_op, _jit_compiled_convolution_op while saving (showing 5 of 14). These functions will not be directly callable after loading.]
[2024-04-21 20:13:51,634: INFO: builder_impl: Assets written to: C:\Users\Praba\AppData\Local\Temp\tmpgdoloyjo\model\data\model\assets]
[2024-04-21 20:27:13,521: INFO: main: >>>>>> stage Data Ingestation started <<<<<<]
[2024-04-21 20:27:13,528: INFO: common: yaml file: D:\newfolder\Kidney-Disease-Classification-Deep-Learning-Project\config\config.yaml loaded successfully]
[2024-04-21 20:27:13,528: INFO: common: yaml file: D:\newfolder\Kidney-Disease-Classification-Deep-Learning-Project\params.yaml loaded successfully]
[2024-04-21 20:27:13,528: INFO: common: created directory at: artifacts]
[2024-04-21 20:27:13,530: INFO: common: created directory at: artifacts/data_ingestion]
[2024-04-21 20:27:13,530: INFO: data_ingestion: Downloading data from https://drive.google.com/file/d/1IbGUVXwE4R0kgrk9eC8blUw1LkEIawcF/view?usp=sharing into file artifacts/data_ingestion/data.zip]
[2024-04-21 20:27:22,009: INFO: data_ingestion: Downloaded data from https://drive.google.com/file/d/1IbGUVXwE4R0kgrk9eC8blUw1LkEIawcF/view?usp=sharing into file artifacts/data_ingestion/data.zip]
[2024-04-21 20:27:22,133: INFO: main: >>>>>> stage Data Ingestation completed <<<<<<

x==========x]
[2024-04-21 20:27:22,133: INFO: main: >>>>>> stage Model Building started <<<<<<]
[2024-04-21 20:27:22,133: INFO: common: yaml file: D:\newfolder\Kidney-Disease-Classification-Deep-Learning-Project\config\config.yaml loaded successfully]
[2024-04-21 20:27:22,133: INFO: common: yaml file: D:\newfolder\Kidney-Disease-Classification-Deep-Learning-Project\params.yaml loaded successfully]
[2024-04-21 20:27:22,133: INFO: common: created directory at: artifacts]
[2024-04-21 20:27:22,133: INFO: common: created directory at: artifacts/prepare_base_model]
[2024-04-21 20:27:22,462: WARNING: saving_utils: Compiled the loaded model, but the compiled metrics have yet to be built. `model.compile_metrics` will be empty until you train or evaluate the model.]
[2024-04-21 20:27:22,789: INFO: main: >>>>>> stage Model Building completed <<<<<<

x==========x]
[2024-04-21 20:27:22,789: INFO: main: >>>>>> stage Model Training started <<<<<<]
[2024-04-21 20:27:22,799: INFO: common: yaml file: D:\newfolder\Kidney-Disease-Classification-Deep-Learning-Project\config\config.yaml loaded successfully]
[2024-04-21 20:27:22,799: INFO: common: yaml file: D:\newfolder\Kidney-Disease-Classification-Deep-Learning-Project\params.yaml loaded successfully]
[2024-04-21 20:27:22,799: INFO: common: created directory at: artifacts]
[2024-04-21 20:27:22,799: INFO: common: created directory at: artifacts\training]
[2024-04-21 20:27:35,935: INFO: main: >>>>>> stage Model Training completed <<<<<<

x==========x]
[2024-04-21 20:27:35,935: INFO: main: *******************]
[2024-04-21 20:27:35,951: INFO: main: >>>>>> stage Evaluation stage started <<<<<<]
[2024-04-21 20:27:35,951: INFO: common: yaml file: D:\newfolder\Kidney-Disease-Classification-Deep-Learning-Project\config\config.yaml loaded successfully]
[2024-04-21 20:27:35,951: INFO: common: yaml file: D:\newfolder\Kidney-Disease-Classification-Deep-Learning-Project\params.yaml loaded successfully]
[2024-04-21 20:27:35,951: INFO: common: created directory at: artifacts]
[2024-04-21 20:27:38,125: INFO: common: json file saved at: scores.json]
[2024-04-21 20:27:38,125: INFO: common: json file saved at: scores.json]
[2024-04-21 20:27:39,268: WARNING: save: Found untraced functions such as _jit_compiled_convolution_op, _jit_compiled_convolution_op, _jit_compiled_convolution_op, _jit_compiled_convolution_op, _jit_compiled_convolution_op while saving (showing 5 of 14). These functions will not be directly callable after loading.]
[2024-04-21 20:27:39,712: INFO: builder_impl: Assets written to: C:\Users\Praba\AppData\Local\Temp\tmpub8xeo7r\model\data\model\assets]
[2024-04-21 20:27:45,798: INFO: main: >>>>>> stage Evaluation stage completed <<<<<<

x==========x]
[2024-04-21 21:26:51,141: INFO: main: >>>>>> stage Data Ingestation started <<<<<<]
[2024-04-21 21:26:51,151: INFO: common: yaml file: D:\newfolder\Kidney-Disease-Classification-Deep-Learning-Project\config\config.yaml loaded successfully]
[2024-04-21 21:26:51,151: INFO: common: yaml file: D:\newfolder\Kidney-Disease-Classification-Deep-Learning-Project\params.yaml loaded successfully]
[2024-04-21 21:26:51,151: INFO: common: created directory at: artifacts]
[2024-04-21 21:26:51,151: INFO: common: created directory at: artifacts/data_ingestion]
[2024-04-21 21:26:51,156: INFO: data_ingestion: Downloading data from https://drive.google.com/file/d/1IbGUVXwE4R0kgrk9eC8blUw1LkEIawcF/view?usp=sharing into file artifacts/data_ingestion/data.zip]
[2024-04-21 21:26:58,941: INFO: data_ingestion: Downloaded data from https://drive.google.com/file/d/1IbGUVXwE4R0kgrk9eC8blUw1LkEIawcF/view?usp=sharing into file artifacts/data_ingestion/data.zip]
[2024-04-21 21:26:59,052: INFO: main: >>>>>> stage Data Ingestation completed <<<<<<

x==========x]
[2024-04-21 21:26:59,052: INFO: main: >>>>>> stage Model Building started <<<<<<]
[2024-04-21 21:26:59,052: INFO: common: yaml file: D:\newfolder\Kidney-Disease-Classification-Deep-Learning-Project\config\config.yaml loaded successfully]
[2024-04-21 21:26:59,052: INFO: common: yaml file: D:\newfolder\Kidney-Disease-Classification-Deep-Learning-Project\params.yaml loaded successfully]
[2024-04-21 21:26:59,062: INFO: common: created directory at: artifacts]
[2024-04-21 21:26:59,062: INFO: common: created directory at: artifacts/prepare_base_model]
[2024-04-21 21:26:59,488: WARNING: saving_utils: Compiled the loaded model, but the compiled metrics have yet to be built. `model.compile_metrics` will be empty until you train or evaluate the model.]
[2024-04-21 21:26:59,757: INFO: main: >>>>>> stage Model Building completed <<<<<<

x==========x]
[2024-04-21 21:26:59,757: INFO: main: >>>>>> stage Model Training started <<<<<<]
[2024-04-21 21:26:59,757: INFO: common: yaml file: D:\newfolder\Kidney-Disease-Classification-Deep-Learning-Project\config\config.yaml loaded successfully]
[2024-04-21 21:26:59,757: INFO: common: yaml file: D:\newfolder\Kidney-Disease-Classification-Deep-Learning-Project\params.yaml loaded successfully]
[2024-04-21 21:26:59,767: INFO: common: created directory at: artifacts]
[2024-04-21 21:26:59,767: INFO: common: created directory at: artifacts\training]
[2024-04-21 21:27:22,578: INFO: main: >>>>>> stage Model Training completed <<<<<<

x==========x]
[2024-04-21 21:27:22,578: INFO: main: *******************]
[2024-04-21 21:27:22,578: INFO: main: >>>>>> stage Evaluation stage started <<<<<<]
[2024-04-21 21:27:22,578: INFO: common: yaml file: D:\newfolder\Kidney-Disease-Classification-Deep-Learning-Project\config\config.yaml loaded successfully]
[2024-04-21 21:27:22,578: INFO: common: yaml file: D:\newfolder\Kidney-Disease-Classification-Deep-Learning-Project\params.yaml loaded successfully]
[2024-04-21 21:27:22,578: INFO: common: created directory at: artifacts]
[2024-04-21 21:27:25,386: INFO: common: json file saved at: scores.json]
[2024-04-21 21:27:25,388: INFO: common: json file saved at: scores.json]
[2024-04-21 21:27:25,388: INFO: main: >>>>>> stage Evaluation stage completed <<<<<<

x==========x]
[2024-04-22 00:29:40,420: INFO: stage_01_data_ingestion: >>>>>> stage Data Ingestion started <<<<<<]
[2024-04-22 00:29:40,420: INFO: common: yaml file: D:\newfolder\Kidney-Disease-Classification-Deep-Learning-Project\config\config.yaml loaded successfully]
[2024-04-22 00:29:40,425: INFO: common: yaml file: D:\newfolder\Kidney-Disease-Classification-Deep-Learning-Project\params.yaml loaded successfully]
[2024-04-22 00:29:40,426: INFO: common: created directory at: artifacts]
[2024-04-22 00:29:40,426: INFO: common: created directory at: artifacts/data_ingestion]
[2024-04-22 00:29:40,427: INFO: data_ingestion: Downloading data from https://drive.google.com/file/d/1IbGUVXwE4R0kgrk9eC8blUw1LkEIawcF/view?usp=sharing into file artifacts/data_ingestion/data.zip]
[2024-04-22 00:29:47,567: INFO: data_ingestion: Downloaded data from https://drive.google.com/file/d/1IbGUVXwE4R0kgrk9eC8blUw1LkEIawcF/view?usp=sharing into file artifacts/data_ingestion/data.zip]
[2024-04-22 00:29:47,695: INFO: stage_01_data_ingestion: >>>>>> stage Data Ingestion completed <<<<<<

x==========x]
[2024-04-22 00:31:04,494: INFO: stage_01_data_ingestion: >>>>>> stage Data Ingestion started <<<<<<]
[2024-04-22 00:31:04,494: INFO: common: yaml file: D:\newfolder\Kidney-Disease-Classification-Deep-Learning-Project\config\config.yaml loaded successfully]
[2024-04-22 00:31:04,494: INFO: common: yaml file: D:\newfolder\Kidney-Disease-Classification-Deep-Learning-Project\params.yaml loaded successfully]
[2024-04-22 00:31:04,494: INFO: common: created directory at: artifacts]
[2024-04-22 00:31:04,494: INFO: common: created directory at: artifacts/data_ingestion]
[2024-04-22 00:31:04,500: INFO: data_ingestion: Downloading data from https://drive.google.com/file/d/1IbGUVXwE4R0kgrk9eC8blUw1LkEIawcF/view?usp=sharing into file artifacts/data_ingestion/data.zip]
[2024-04-22 00:31:10,329: INFO: data_ingestion: Downloaded data from https://drive.google.com/file/d/1IbGUVXwE4R0kgrk9eC8blUw1LkEIawcF/view?usp=sharing into file artifacts/data_ingestion/data.zip]
[2024-04-22 00:31:10,425: INFO: stage_01_data_ingestion: >>>>>> stage Data Ingestion completed <<<<<<

x==========x]
[2024-04-22 00:31:16,480: INFO: stage_02_model_building: >>>>>> stage Model Building started <<<<<<]
[2024-04-22 00:31:16,480: INFO: common: yaml file: D:\newfolder\Kidney-Disease-Classification-Deep-Learning-Project\config\config.yaml loaded successfully]
[2024-04-22 00:31:16,480: INFO: common: yaml file: D:\newfolder\Kidney-Disease-Classification-Deep-Learning-Project\params.yaml loaded successfully]
[2024-04-22 00:31:16,480: INFO: common: created directory at: artifacts]
[2024-04-22 00:31:16,480: INFO: common: created directory at: artifacts/prepare_base_model]
[2024-04-22 00:31:16,878: WARNING: saving_utils: Compiled the loaded model, but the compiled metrics have yet to be built. `model.compile_metrics` will be empty until you train or evaluate the model.]
[2024-04-22 00:31:17,234: INFO: stage_02_model_building: >>>>>> stage Model Building completed <<<<<<

x==========x]
[2024-04-22 00:31:51,452: INFO: stage_02_model_building: >>>>>> stage Model Building started <<<<<<]
[2024-04-22 00:31:51,452: INFO: common: yaml file: D:\newfolder\Kidney-Disease-Classification-Deep-Learning-Project\config\config.yaml loaded successfully]
[2024-04-22 00:31:51,452: INFO: common: yaml file: D:\newfolder\Kidney-Disease-Classification-Deep-Learning-Project\params.yaml loaded successfully]
[2024-04-22 00:31:51,452: INFO: common: created directory at: artifacts]
[2024-04-22 00:31:51,452: INFO: common: created directory at: artifacts/prepare_base_model]
[2024-04-22 00:31:51,825: WARNING: saving_utils: Compiled the loaded model, but the compiled metrics have yet to be built. `model.compile_metrics` will be empty until you train or evaluate the model.]
[2024-04-22 00:31:52,037: INFO: stage_02_model_building: >>>>>> stage Model Building completed <<<<<<

x==========x]
[2024-04-22 00:31:57,149: INFO: stage_03_model_training: >>>>>> stage Model Training started <<<<<<]
[2024-04-22 00:31:57,149: INFO: common: yaml file: D:\newfolder\Kidney-Disease-Classification-Deep-Learning-Project\config\config.yaml loaded successfully]
[2024-04-22 00:31:57,149: INFO: common: yaml file: D:\newfolder\Kidney-Disease-Classification-Deep-Learning-Project\params.yaml loaded successfully]
[2024-04-22 00:31:57,149: INFO: common: created directory at: artifacts]
[2024-04-22 00:31:57,156: INFO: common: created directory at: artifacts\training]
[2024-04-22 00:32:19,931: INFO: stage_03_model_training: >>>>>> stage Model Training completed <<<<<<

x==========x]
[2024-04-22 00:32:47,640: INFO: stage_03_model_training: >>>>>> stage Model Training started <<<<<<]
[2024-04-22 00:32:47,647: INFO: common: yaml file: D:\newfolder\Kidney-Disease-Classification-Deep-Learning-Project\config\config.yaml loaded successfully]
[2024-04-22 00:32:47,647: INFO: common: yaml file: D:\newfolder\Kidney-Disease-Classification-Deep-Learning-Project\params.yaml loaded successfully]
[2024-04-22 00:32:47,647: INFO: common: created directory at: artifacts]
[2024-04-22 00:32:47,647: INFO: common: created directory at: artifacts\training]
[2024-04-22 00:33:10,005: INFO: stage_03_model_training: >>>>>> stage Model Training completed <<<<<<

x==========x]
[2024-04-22 00:33:16,699: INFO: stage_04_model_evaluation: *******************]
[2024-04-22 00:33:16,699: INFO: stage_04_model_evaluation: >>>>>> stage Evaluation stage started <<<<<<]
[2024-04-22 00:33:16,705: INFO: common: yaml file: D:\newfolder\Kidney-Disease-Classification-Deep-Learning-Project\config\config.yaml loaded successfully]
[2024-04-22 00:33:16,707: INFO: common: yaml file: D:\newfolder\Kidney-Disease-Classification-Deep-Learning-Project\params.yaml loaded successfully]
[2024-04-22 00:33:16,707: INFO: common: created directory at: artifacts]
[2024-04-22 00:33:19,753: INFO: common: json file saved at: scores.json]
[2024-04-22 00:33:19,754: INFO: common: json file saved at: scores.json]
[2024-04-22 00:33:19,754: INFO: stage_04_model_evaluation: >>>>>> stage Evaluation stage completed <<<<<<

x==========x]
